Build started 10/31/2015 11:38:59 PM.
     1>Project "C:\Users\Billy\Desktop\TwistedRoad\BugginOut\BugginOut.vcxproj" on node 2 (Build target(s)).
     1>ClCompile:
         C:\Program Files (x86)\Microsoft Visual Studio 12.0\VC\bin\CL.exe /c /IC:\Users\Billy\Desktop\TwistedRoad\BugginOut/fmod/inc /I./ /ZI /nologo /W3 /WX- /sdl /Od /Oy- /D WIN32 /D _DEBUG /D _WINDOWS /D _UNICODE /D UNICODE /Gm /EHsc /RTC1 /MDd /GS /fp:precise /Zc:wchar_t /Zc:forScope /Fo"C:\Users\Billy\Desktop\TwistedRoad\Temp\BugginOut\Debug\\" /Fd"C:\Users\Billy\Desktop\TwistedRoad\Temp\BugginOut\Debug\vc120.pdb" /Gd /TP /analyze- /errorReport:prompt src\buggin_out\BugginOut.cpp src\buggin_out\BugginOutButtonEventHandler.cpp src\buggin_out\BugginOutCollisionListener.cpp src\buggin_out\BugginOutDataLoader.cpp src\buggin_out\BugginOutKeyEventHandler.cpp src\buggin_out\BugginOutTextGenerator.cpp src\buggin_out_VS\stdafx.cpp
         stdafx.cpp
         BugginOutTextGenerator.cpp
     1>c:\users\billy\desktop\twistedroad\simplesidescrollerframework\src\sssf\gsm\sprite\spritemanager.h(77): warning C4244: '=' : conversion from 'double' to 'int', possible loss of data
         BugginOutKeyEventHandler.cpp
     1>c:\users\billy\desktop\twistedroad\simplesidescrollerframework\src\sssf\gsm\sprite\spritemanager.h(77): warning C4244: '=' : conversion from 'double' to 'int', possible loss of data
     1>c:\users\billy\desktop\twistedroad\bugginout\src\buggin_out\bugginoutkeyeventhandler.cpp(208): warning C4244: 'argument' : conversion from 'double' to 'float32', possible loss of data
     1>c:\users\billy\desktop\twistedroad\bugginout\src\buggin_out\bugginoutkeyeventhandler.cpp(210): warning C4244: 'argument' : conversion from 'double' to 'float32', possible loss of data
     1>c:\users\billy\desktop\twistedroad\bugginout\src\buggin_out\bugginoutkeyeventhandler.cpp(216): warning C4244: 'argument' : conversion from 'double' to 'float32', possible loss of data
     1>c:\users\billy\desktop\twistedroad\bugginout\src\buggin_out\bugginoutkeyeventhandler.cpp(218): warning C4244: 'argument' : conversion from 'double' to 'float32', possible loss of data
     1>c:\users\billy\desktop\twistedroad\bugginout\src\buggin_out\bugginoutkeyeventhandler.cpp(253): warning C4244: 'argument' : conversion from 'double' to 'float32', possible loss of data
     1>c:\users\billy\desktop\twistedroad\bugginout\src\buggin_out\bugginoutkeyeventhandler.cpp(255): warning C4244: 'argument' : conversion from 'double' to 'float32', possible loss of data
     1>c:\users\billy\desktop\twistedroad\bugginout\src\buggin_out\bugginoutkeyeventhandler.cpp(261): warning C4244: 'argument' : conversion from 'double' to 'float32', possible loss of data
     1>c:\users\billy\desktop\twistedroad\bugginout\src\buggin_out\bugginoutkeyeventhandler.cpp(263): warning C4244: 'argument' : conversion from 'double' to 'float32', possible loss of data
         BugginOutDataLoader.cpp
     1>c:\users\billy\desktop\twistedroad\simplesidescrollerframework\src\sssf\gsm\sprite\spritemanager.h(77): warning C4244: '=' : conversion from 'double' to 'int', possible loss of data
     1>c:\users\billy\desktop\twistedroad\bugginout\src\buggin_out\bugginoutdataloader.cpp(258): warning C4244: 'initializing' : conversion from 'int' to 'float', possible loss of data
         BugginOutCollisionListener.cpp
     1>c:\users\billy\desktop\twistedroad\simplesidescrollerframework\src\sssf\gsm\sprite\spritemanager.h(77): warning C4244: '=' : conversion from 'double' to 'int', possible loss of data
         BugginOutButtonEventHandler.cpp
     1>c:\users\billy\desktop\twistedroad\simplesidescrollerframework\src\sssf\gsm\sprite\spritemanager.h(77): warning C4244: '=' : conversion from 'double' to 'int', possible loss of data
         BugginOut.cpp
     1>c:\users\billy\desktop\twistedroad\simplesidescrollerframework\src\sssf\gsm\sprite\spritemanager.h(77): warning C4244: '=' : conversion from 'double' to 'int', possible loss of data
         Generating Code...
       Link:
         C:\Program Files (x86)\Microsoft Visual Studio 12.0\VC\bin\link.exe /ERRORREPORT:PROMPT /OUT:"C:\Users\Billy\Desktop\TwistedRoad\Apps\BugginOut\BugginOut.exe" /INCREMENTAL /NOLOGO /LIBPATH:./lib d3d9.lib d3dx9.lib winmm.lib PoseurSpriteTypesImporter.lib SimpleSideScrollerFramework.lib tinyxml.lib TMXMapImporter.lib XMLFileImporter.lib Box2D.lib fmod_vc.lib kernel32.lib user32.lib gdi32.lib winspool.lib comdlg32.lib advapi32.lib shell32.lib ole32.lib oleaut32.lib uuid.lib odbc32.lib odbccp32.lib /MANIFEST /MANIFESTUAC:"level='asInvoker' uiAccess='false'" /manifest:embed /DEBUG /PDB:"C:\Users\Billy\Desktop\TwistedRoad\Apps\BugginOut\BugginOut.pdb" /SUBSYSTEM:WINDOWS /TLBID:1 /DYNAMICBASE /NXCOMPAT /IMPLIB:"C:\Users\Billy\Desktop\TwistedRoad\Apps\BugginOut\BugginOut.lib" /MACHINE:X86 C:\Users\Billy\Desktop\TwistedRoad\Temp\BugginOut\Debug\BugginOut.obj
         C:\Users\Billy\Desktop\TwistedRoad\Temp\BugginOut\Debug\BugginOutButtonEventHandler.obj
         C:\Users\Billy\Desktop\TwistedRoad\Temp\BugginOut\Debug\BugginOutCollisionListener.obj
         C:\Users\Billy\Desktop\TwistedRoad\Temp\BugginOut\Debug\BugginOutDataLoader.obj
         C:\Users\Billy\Desktop\TwistedRoad\Temp\BugginOut\Debug\BugginOutKeyEventHandler.obj
         C:\Users\Billy\Desktop\TwistedRoad\Temp\BugginOut\Debug\BugginOutTextGenerator.obj
         C:\Users\Billy\Desktop\TwistedRoad\Temp\BugginOut\Debug\stdafx.obj
     1>PoseurSpriteTypesImporter.lib(PoseurSpriteTypesImporter.obj) : warning LNK4099: PDB 'vc120.pdb' was not found with 'PoseurSpriteTypesImporter.lib(PoseurSpriteTypesImporter.obj)' or at 'C:\Users\Billy\Desktop\TwistedRoad\Apps\BugginOut\vc120.pdb'; linking object as if no debug info
     1>SimpleSideScrollerFramework.lib(GameDataLoader.obj) : warning LNK4099: PDB 'vc120.pdb' was not found with 'SimpleSideScrollerFramework.lib(GameDataLoader.obj)' or at 'C:\Users\Billy\Desktop\TwistedRoad\Apps\BugginOut\vc120.pdb'; linking object as if no debug info
     1>SimpleSideScrollerFramework.lib(Game.obj) : warning LNK4099: PDB 'vc120.pdb' was not found with 'SimpleSideScrollerFramework.lib(Game.obj)' or at 'C:\Users\Billy\Desktop\TwistedRoad\Apps\BugginOut\vc120.pdb'; linking object as if no debug info
     1>SimpleSideScrollerFramework.lib(WStringTable.obj) : warning LNK4099: PDB 'vc120.pdb' was not found with 'SimpleSideScrollerFramework.lib(WStringTable.obj)' or at 'C:\Users\Billy\Desktop\TwistedRoad\Apps\BugginOut\vc120.pdb'; linking object as if no debug info
     1>SimpleSideScrollerFramework.lib(GameGraphics.obj) : warning LNK4099: PDB 'vc120.pdb' was not found with 'SimpleSideScrollerFramework.lib(GameGraphics.obj)' or at 'C:\Users\Billy\Desktop\TwistedRoad\Apps\BugginOut\vc120.pdb'; linking object as if no debug info
     1>SimpleSideScrollerFramework.lib(RenderList.obj) : warning LNK4099: PDB 'vc120.pdb' was not found with 'SimpleSideScrollerFramework.lib(RenderList.obj)' or at 'C:\Users\Billy\Desktop\TwistedRoad\Apps\BugginOut\vc120.pdb'; linking object as if no debug info
     1>SimpleSideScrollerFramework.lib(TextureManager.obj) : warning LNK4099: PDB 'vc120.pdb' was not found with 'SimpleSideScrollerFramework.lib(TextureManager.obj)' or at 'C:\Users\Billy\Desktop\TwistedRoad\Apps\BugginOut\vc120.pdb'; linking object as if no debug info
     1>SimpleSideScrollerFramework.lib(BotRecycler.obj) : warning LNK4099: PDB 'vc120.pdb' was not found with 'SimpleSideScrollerFramework.lib(BotRecycler.obj)' or at 'C:\Users\Billy\Desktop\TwistedRoad\Apps\BugginOut\vc120.pdb'; linking object as if no debug info
     1>SimpleSideScrollerFramework.lib(CollidableObject.obj) : warning LNK4099: PDB 'vc120.pdb' was not found with 'SimpleSideScrollerFramework.lib(CollidableObject.obj)' or at 'C:\Users\Billy\Desktop\TwistedRoad\Apps\BugginOut\vc120.pdb'; linking object as if no debug info
     1>SimpleSideScrollerFramework.lib(Physics.obj) : warning LNK4099: PDB 'vc120.pdb' was not found with 'SimpleSideScrollerFramework.lib(Physics.obj)' or at 'C:\Users\Billy\Desktop\TwistedRoad\Apps\BugginOut\vc120.pdb'; linking object as if no debug info
     1>SimpleSideScrollerFramework.lib(AnimatedSprite.obj) : warning LNK4099: PDB 'vc120.pdb' was not found with 'SimpleSideScrollerFramework.lib(AnimatedSprite.obj)' or at 'C:\Users\Billy\Desktop\TwistedRoad\Apps\BugginOut\vc120.pdb'; linking object as if no debug info
     1>SimpleSideScrollerFramework.lib(AnimatedSpriteType.obj) : warning LNK4099: PDB 'vc120.pdb' was not found with 'SimpleSideScrollerFramework.lib(AnimatedSpriteType.obj)' or at 'C:\Users\Billy\Desktop\TwistedRoad\Apps\BugginOut\vc120.pdb'; linking object as if no debug info
     1>SimpleSideScrollerFramework.lib(SpriteManager.obj) : warning LNK4099: PDB 'vc120.pdb' was not found with 'SimpleSideScrollerFramework.lib(SpriteManager.obj)' or at 'C:\Users\Billy\Desktop\TwistedRoad\Apps\BugginOut\vc120.pdb'; linking object as if no debug info
     1>SimpleSideScrollerFramework.lib(GameStateManager.obj) : warning LNK4099: PDB 'vc120.pdb' was not found with 'SimpleSideScrollerFramework.lib(GameStateManager.obj)' or at 'C:\Users\Billy\Desktop\TwistedRoad\Apps\BugginOut\vc120.pdb'; linking object as if no debug info
     1>SimpleSideScrollerFramework.lib(TiledLayer.obj) : warning LNK4099: PDB 'vc120.pdb' was not found with 'SimpleSideScrollerFramework.lib(TiledLayer.obj)' or at 'C:\Users\Billy\Desktop\TwistedRoad\Apps\BugginOut\vc120.pdb'; linking object as if no debug info
     1>SimpleSideScrollerFramework.lib(World.obj) : warning LNK4099: PDB 'vc120.pdb' was not found with 'SimpleSideScrollerFramework.lib(World.obj)' or at 'C:\Users\Billy\Desktop\TwistedRoad\Apps\BugginOut\vc120.pdb'; linking object as if no debug info
     1>SimpleSideScrollerFramework.lib(Button.obj) : warning LNK4099: PDB 'vc120.pdb' was not found with 'SimpleSideScrollerFramework.lib(Button.obj)' or at 'C:\Users\Billy\Desktop\TwistedRoad\Apps\BugginOut\vc120.pdb'; linking object as if no debug info
     1>SimpleSideScrollerFramework.lib(Cursor.obj) : warning LNK4099: PDB 'vc120.pdb' was not found with 'SimpleSideScrollerFramework.lib(Cursor.obj)' or at 'C:\Users\Billy\Desktop\TwistedRoad\Apps\BugginOut\vc120.pdb'; linking object as if no debug info
     1>SimpleSideScrollerFramework.lib(GameGUI.obj) : warning LNK4099: PDB 'vc120.pdb' was not found with 'SimpleSideScrollerFramework.lib(GameGUI.obj)' or at 'C:\Users\Billy\Desktop\TwistedRoad\Apps\BugginOut\vc120.pdb'; linking object as if no debug info
     1>SimpleSideScrollerFramework.lib(ScreenGUI.obj) : warning LNK4099: PDB 'vc120.pdb' was not found with 'SimpleSideScrollerFramework.lib(ScreenGUI.obj)' or at 'C:\Users\Billy\Desktop\TwistedRoad\Apps\BugginOut\vc120.pdb'; linking object as if no debug info
     1>SimpleSideScrollerFramework.lib(Viewport.obj) : warning LNK4099: PDB 'vc120.pdb' was not found with 'SimpleSideScrollerFramework.lib(Viewport.obj)' or at 'C:\Users\Billy\Desktop\TwistedRoad\Apps\BugginOut\vc120.pdb'; linking object as if no debug info
     1>SimpleSideScrollerFramework.lib(GameInput.obj) : warning LNK4099: PDB 'vc120.pdb' was not found with 'SimpleSideScrollerFramework.lib(GameInput.obj)' or at 'C:\Users\Billy\Desktop\TwistedRoad\Apps\BugginOut\vc120.pdb'; linking object as if no debug info
     1>SimpleSideScrollerFramework.lib(DirectXGraphics.obj) : warning LNK4099: PDB 'vc120.pdb' was not found with 'SimpleSideScrollerFramework.lib(DirectXGraphics.obj)' or at 'C:\Users\Billy\Desktop\TwistedRoad\Apps\BugginOut\vc120.pdb'; linking object as if no debug info
     1>SimpleSideScrollerFramework.lib(DirectXTextureManager.obj) : warning LNK4099: PDB 'vc120.pdb' was not found with 'SimpleSideScrollerFramework.lib(DirectXTextureManager.obj)' or at 'C:\Users\Billy\Desktop\TwistedRoad\Apps\BugginOut\vc120.pdb'; linking object as if no debug info
     1>SimpleSideScrollerFramework.lib(WindowsInput.obj) : warning LNK4099: PDB 'vc120.pdb' was not found with 'SimpleSideScrollerFramework.lib(WindowsInput.obj)' or at 'C:\Users\Billy\Desktop\TwistedRoad\Apps\BugginOut\vc120.pdb'; linking object as if no debug info
     1>SimpleSideScrollerFramework.lib(WindowsOS.obj) : warning LNK4099: PDB 'vc120.pdb' was not found with 'SimpleSideScrollerFramework.lib(WindowsOS.obj)' or at 'C:\Users\Billy\Desktop\TwistedRoad\Apps\BugginOut\vc120.pdb'; linking object as if no debug info
     1>SimpleSideScrollerFramework.lib(WindowsTimer.obj) : warning LNK4099: PDB 'vc120.pdb' was not found with 'SimpleSideScrollerFramework.lib(WindowsTimer.obj)' or at 'C:\Users\Billy\Desktop\TwistedRoad\Apps\BugginOut\vc120.pdb'; linking object as if no debug info
     1>SimpleSideScrollerFramework.lib(BufferedTextFileReader.obj) : warning LNK4099: PDB 'vc120.pdb' was not found with 'SimpleSideScrollerFramework.lib(BufferedTextFileReader.obj)' or at 'C:\Users\Billy\Desktop\TwistedRoad\Apps\BugginOut\vc120.pdb'; linking object as if no debug info
     1>SimpleSideScrollerFramework.lib(GameText.obj) : warning LNK4099: PDB 'vc120.pdb' was not found with 'SimpleSideScrollerFramework.lib(GameText.obj)' or at 'C:\Users\Billy\Desktop\TwistedRoad\Apps\BugginOut\vc120.pdb'; linking object as if no debug info
     1>SimpleSideScrollerFramework.lib(TextFileWriter.obj) : warning LNK4099: PDB 'vc120.pdb' was not found with 'SimpleSideScrollerFramework.lib(TextFileWriter.obj)' or at 'C:\Users\Billy\Desktop\TwistedRoad\Apps\BugginOut\vc120.pdb'; linking object as if no debug info
     1>SimpleSideScrollerFramework.lib(b2TimeOfImpact.obj) : warning LNK4099: PDB 'vc120.pdb' was not found with 'SimpleSideScrollerFramework.lib(b2TimeOfImpact.obj)' or at 'C:\Users\Billy\Desktop\TwistedRoad\Apps\BugginOut\vc120.pdb'; linking object as if no debug info
     1>SimpleSideScrollerFramework.lib(b2DynamicTree.obj) : warning LNK4099: PDB 'vc120.pdb' was not found with 'SimpleSideScrollerFramework.lib(b2DynamicTree.obj)' or at 'C:\Users\Billy\Desktop\TwistedRoad\Apps\BugginOut\vc120.pdb'; linking object as if no debug info
     1>SimpleSideScrollerFramework.lib(b2Distance.obj) : warning LNK4099: PDB 'vc120.pdb' was not found with 'SimpleSideScrollerFramework.lib(b2Distance.obj)' or at 'C:\Users\Billy\Desktop\TwistedRoad\Apps\BugginOut\vc120.pdb'; linking object as if no debug info
     1>SimpleSideScrollerFramework.lib(b2Collision.obj) : warning LNK4099: PDB 'vc120.pdb' was not found with 'SimpleSideScrollerFramework.lib(b2Collision.obj)' or at 'C:\Users\Billy\Desktop\TwistedRoad\Apps\BugginOut\vc120.pdb'; linking object as if no debug info
     1>SimpleSideScrollerFramework.lib(b2CollidePolygon.obj) : warning LNK4099: PDB 'vc120.pdb' was not found with 'SimpleSideScrollerFramework.lib(b2CollidePolygon.obj)' or at 'C:\Users\Billy\Desktop\TwistedRoad\Apps\BugginOut\vc120.pdb'; linking object as if no debug info
     1>SimpleSideScrollerFramework.lib(b2CollideEdge.obj) : warning LNK4099: PDB 'vc120.pdb' was not found with 'SimpleSideScrollerFramework.lib(b2CollideEdge.obj)' or at 'C:\Users\Billy\Desktop\TwistedRoad\Apps\BugginOut\vc120.pdb'; linking object as if no debug info
     1>SimpleSideScrollerFramework.lib(b2CollideCircle.obj) : warning LNK4099: PDB 'vc120.pdb' was not found with 'SimpleSideScrollerFramework.lib(b2CollideCircle.obj)' or at 'C:\Users\Billy\Desktop\TwistedRoad\Apps\BugginOut\vc120.pdb'; linking object as if no debug info
     1>SimpleSideScrollerFramework.lib(b2BroadPhase.obj) : warning LNK4099: PDB 'vc120.pdb' was not found with 'SimpleSideScrollerFramework.lib(b2BroadPhase.obj)' or at 'C:\Users\Billy\Desktop\TwistedRoad\Apps\BugginOut\vc120.pdb'; linking object as if no debug info
     1>SimpleSideScrollerFramework.lib(b2PolygonShape.obj) : warning LNK4099: PDB 'vc120.pdb' was not found with 'SimpleSideScrollerFramework.lib(b2PolygonShape.obj)' or at 'C:\Users\Billy\Desktop\TwistedRoad\Apps\BugginOut\vc120.pdb'; linking object as if no debug info
     1>SimpleSideScrollerFramework.lib(b2ChainShape.obj) : warning LNK4099: PDB 'vc120.pdb' was not found with 'SimpleSideScrollerFramework.lib(b2ChainShape.obj)' or at 'C:\Users\Billy\Desktop\TwistedRoad\Apps\BugginOut\vc120.pdb'; linking object as if no debug info
     1>SimpleSideScrollerFramework.lib(b2EdgeShape.obj) : warning LNK4099: PDB 'vc120.pdb' was not found with 'SimpleSideScrollerFramework.lib(b2EdgeShape.obj)' or at 'C:\Users\Billy\Desktop\TwistedRoad\Apps\BugginOut\vc120.pdb'; linking object as if no debug info
     1>SimpleSideScrollerFramework.lib(b2Timer.obj) : warning LNK4099: PDB 'vc120.pdb' was not found with 'SimpleSideScrollerFramework.lib(b2Timer.obj)' or at 'C:\Users\Billy\Desktop\TwistedRoad\Apps\BugginOut\vc120.pdb'; linking object as if no debug info
     1>SimpleSideScrollerFramework.lib(b2StackAllocator.obj) : warning LNK4099: PDB 'vc120.pdb' was not found with 'SimpleSideScrollerFramework.lib(b2StackAllocator.obj)' or at 'C:\Users\Billy\Desktop\TwistedRoad\Apps\BugginOut\vc120.pdb'; linking object as if no debug info
     1>SimpleSideScrollerFramework.lib(b2Settings.obj) : warning LNK4099: PDB 'vc120.pdb' was not found with 'SimpleSideScrollerFramework.lib(b2Settings.obj)' or at 'C:\Users\Billy\Desktop\TwistedRoad\Apps\BugginOut\vc120.pdb'; linking object as if no debug info
     1>SimpleSideScrollerFramework.lib(b2Math.obj) : warning LNK4099: PDB 'vc120.pdb' was not found with 'SimpleSideScrollerFramework.lib(b2Math.obj)' or at 'C:\Users\Billy\Desktop\TwistedRoad\Apps\BugginOut\vc120.pdb'; linking object as if no debug info
     1>SimpleSideScrollerFramework.lib(b2Draw.obj) : warning LNK4099: PDB 'vc120.pdb' was not found with 'SimpleSideScrollerFramework.lib(b2Draw.obj)' or at 'C:\Users\Billy\Desktop\TwistedRoad\Apps\BugginOut\vc120.pdb'; linking object as if no debug info
     1>SimpleSideScrollerFramework.lib(b2BlockAllocator.obj) : warning LNK4099: PDB 'vc120.pdb' was not found with 'SimpleSideScrollerFramework.lib(b2BlockAllocator.obj)' or at 'C:\Users\Billy\Desktop\TwistedRoad\Apps\BugginOut\vc120.pdb'; linking object as if no debug info
     1>SimpleSideScrollerFramework.lib(b2WorldCallbacks.obj) : warning LNK4099: PDB 'vc120.pdb' was not found with 'SimpleSideScrollerFramework.lib(b2WorldCallbacks.obj)' or at 'C:\Users\Billy\Desktop\TwistedRoad\Apps\BugginOut\vc120.pdb'; linking object as if no debug info
     1>SimpleSideScrollerFramework.lib(b2World.obj) : warning LNK4099: PDB 'vc120.pdb' was not found with 'SimpleSideScrollerFramework.lib(b2World.obj)' or at 'C:\Users\Billy\Desktop\TwistedRoad\Apps\BugginOut\vc120.pdb'; linking object as if no debug info
     1>SimpleSideScrollerFramework.lib(b2Island.obj) : warning LNK4099: PDB 'vc120.pdb' was not found with 'SimpleSideScrollerFramework.lib(b2Island.obj)' or at 'C:\Users\Billy\Desktop\TwistedRoad\Apps\BugginOut\vc120.pdb'; linking object as if no debug info
     1>SimpleSideScrollerFramework.lib(b2Fixture.obj) : warning LNK4099: PDB 'vc120.pdb' was not found with 'SimpleSideScrollerFramework.lib(b2Fixture.obj)' or at 'C:\Users\Billy\Desktop\TwistedRoad\Apps\BugginOut\vc120.pdb'; linking object as if no debug info
     1>SimpleSideScrollerFramework.lib(b2ContactManager.obj) : warning LNK4099: PDB 'vc120.pdb' was not found with 'SimpleSideScrollerFramework.lib(b2ContactManager.obj)' or at 'C:\Users\Billy\Desktop\TwistedRoad\Apps\BugginOut\vc120.pdb'; linking object as if no debug info
     1>SimpleSideScrollerFramework.lib(b2Body.obj) : warning LNK4099: PDB 'vc120.pdb' was not found with 'SimpleSideScrollerFramework.lib(b2Body.obj)' or at 'C:\Users\Billy\Desktop\TwistedRoad\Apps\BugginOut\vc120.pdb'; linking object as if no debug info
     1>SimpleSideScrollerFramework.lib(b2PolygonContact.obj) : warning LNK4099: PDB 'vc120.pdb' was not found with 'SimpleSideScrollerFramework.lib(b2PolygonContact.obj)' or at 'C:\Users\Billy\Desktop\TwistedRoad\Apps\BugginOut\vc120.pdb'; linking object as if no debug info
     1>SimpleSideScrollerFramework.lib(b2ChainAndPolygonContact.obj) : warning LNK4099: PDB 'vc120.pdb' was not found with 'SimpleSideScrollerFramework.lib(b2ChainAndPolygonContact.obj)' or at 'C:\Users\Billy\Desktop\TwistedRoad\Apps\BugginOut\vc120.pdb'; linking object as if no debug info
     1>SimpleSideScrollerFramework.lib(b2ChainAndCircleContact.obj) : warning LNK4099: PDB 'vc120.pdb' was not found with 'SimpleSideScrollerFramework.lib(b2ChainAndCircleContact.obj)' or at 'C:\Users\Billy\Desktop\TwistedRoad\Apps\BugginOut\vc120.pdb'; linking object as if no debug info
     1>SimpleSideScrollerFramework.lib(b2EdgeAndPolygonContact.obj) : warning LNK4099: PDB 'vc120.pdb' was not found with 'SimpleSideScrollerFramework.lib(b2EdgeAndPolygonContact.obj)' or at 'C:\Users\Billy\Desktop\TwistedRoad\Apps\BugginOut\vc120.pdb'; linking object as if no debug info
     1>SimpleSideScrollerFramework.lib(b2EdgeAndCircleContact.obj) : warning LNK4099: PDB 'vc120.pdb' was not found with 'SimpleSideScrollerFramework.lib(b2EdgeAndCircleContact.obj)' or at 'C:\Users\Billy\Desktop\TwistedRoad\Apps\BugginOut\vc120.pdb'; linking object as if no debug info
     1>SimpleSideScrollerFramework.lib(b2PolygonAndCircleContact.obj) : warning LNK4099: PDB 'vc120.pdb' was not found with 'SimpleSideScrollerFramework.lib(b2PolygonAndCircleContact.obj)' or at 'C:\Users\Billy\Desktop\TwistedRoad\Apps\BugginOut\vc120.pdb'; linking object as if no debug info
     1>SimpleSideScrollerFramework.lib(b2ContactSolver.obj) : warning LNK4099: PDB 'vc120.pdb' was not found with 'SimpleSideScrollerFramework.lib(b2ContactSolver.obj)' or at 'C:\Users\Billy\Desktop\TwistedRoad\Apps\BugginOut\vc120.pdb'; linking object as if no debug info
     1>SimpleSideScrollerFramework.lib(b2Contact.obj) : warning LNK4099: PDB 'vc120.pdb' was not found with 'SimpleSideScrollerFramework.lib(b2Contact.obj)' or at 'C:\Users\Billy\Desktop\TwistedRoad\Apps\BugginOut\vc120.pdb'; linking object as if no debug info
     1>SimpleSideScrollerFramework.lib(b2CircleContact.obj) : warning LNK4099: PDB 'vc120.pdb' was not found with 'SimpleSideScrollerFramework.lib(b2CircleContact.obj)' or at 'C:\Users\Billy\Desktop\TwistedRoad\Apps\BugginOut\vc120.pdb'; linking object as if no debug info
     1>SimpleSideScrollerFramework.lib(b2WheelJoint.obj) : warning LNK4099: PDB 'vc120.pdb' was not found with 'SimpleSideScrollerFramework.lib(b2WheelJoint.obj)' or at 'C:\Users\Billy\Desktop\TwistedRoad\Apps\BugginOut\vc120.pdb'; linking object as if no debug info
     1>SimpleSideScrollerFramework.lib(b2WeldJoint.obj) : warning LNK4099: PDB 'vc120.pdb' was not found with 'SimpleSideScrollerFramework.lib(b2WeldJoint.obj)' or at 'C:\Users\Billy\Desktop\TwistedRoad\Apps\BugginOut\vc120.pdb'; linking object as if no debug info
     1>SimpleSideScrollerFramework.lib(b2RopeJoint.obj) : warning LNK4099: PDB 'vc120.pdb' was not found with 'SimpleSideScrollerFramework.lib(b2RopeJoint.obj)' or at 'C:\Users\Billy\Desktop\TwistedRoad\Apps\BugginOut\vc120.pdb'; linking object as if no debug info
     1>SimpleSideScrollerFramework.lib(b2RevoluteJoint.obj) : warning LNK4099: PDB 'vc120.pdb' was not found with 'SimpleSideScrollerFramework.lib(b2RevoluteJoint.obj)' or at 'C:\Users\Billy\Desktop\TwistedRoad\Apps\BugginOut\vc120.pdb'; linking object as if no debug info
     1>SimpleSideScrollerFramework.lib(b2PulleyJoint.obj) : warning LNK4099: PDB 'vc120.pdb' was not found with 'SimpleSideScrollerFramework.lib(b2PulleyJoint.obj)' or at 'C:\Users\Billy\Desktop\TwistedRoad\Apps\BugginOut\vc120.pdb'; linking object as if no debug info
     1>SimpleSideScrollerFramework.lib(b2PrismaticJoint.obj) : warning LNK4099: PDB 'vc120.pdb' was not found with 'SimpleSideScrollerFramework.lib(b2PrismaticJoint.obj)' or at 'C:\Users\Billy\Desktop\TwistedRoad\Apps\BugginOut\vc120.pdb'; linking object as if no debug info
     1>SimpleSideScrollerFramework.lib(b2MouseJoint.obj) : warning LNK4099: PDB 'vc120.pdb' was not found with 'SimpleSideScrollerFramework.lib(b2MouseJoint.obj)' or at 'C:\Users\Billy\Desktop\TwistedRoad\Apps\BugginOut\vc120.pdb'; linking object as if no debug info
     1>SimpleSideScrollerFramework.lib(b2MotorJoint.obj) : warning LNK4099: PDB 'vc120.pdb' was not found with 'SimpleSideScrollerFramework.lib(b2MotorJoint.obj)' or at 'C:\Users\Billy\Desktop\TwistedRoad\Apps\BugginOut\vc120.pdb'; linking object as if no debug info
     1>SimpleSideScrollerFramework.lib(b2Joint.obj) : warning LNK4099: PDB 'vc120.pdb' was not found with 'SimpleSideScrollerFramework.lib(b2Joint.obj)' or at 'C:\Users\Billy\Desktop\TwistedRoad\Apps\BugginOut\vc120.pdb'; linking object as if no debug info
     1>SimpleSideScrollerFramework.lib(b2GearJoint.obj) : warning LNK4099: PDB 'vc120.pdb' was not found with 'SimpleSideScrollerFramework.lib(b2GearJoint.obj)' or at 'C:\Users\Billy\Desktop\TwistedRoad\Apps\BugginOut\vc120.pdb'; linking object as if no debug info
     1>SimpleSideScrollerFramework.lib(b2FrictionJoint.obj) : warning LNK4099: PDB 'vc120.pdb' was not found with 'SimpleSideScrollerFramework.lib(b2FrictionJoint.obj)' or at 'C:\Users\Billy\Desktop\TwistedRoad\Apps\BugginOut\vc120.pdb'; linking object as if no debug info
     1>SimpleSideScrollerFramework.lib(b2DistanceJoint.obj) : warning LNK4099: PDB 'vc120.pdb' was not found with 'SimpleSideScrollerFramework.lib(b2DistanceJoint.obj)' or at 'C:\Users\Billy\Desktop\TwistedRoad\Apps\BugginOut\vc120.pdb'; linking object as if no debug info
     1>tinyxml.lib(tinystr.obj) : warning LNK4099: PDB 'vc120.pdb' was not found with 'tinyxml.lib(tinystr.obj)' or at 'C:\Users\Billy\Desktop\TwistedRoad\Apps\BugginOut\vc120.pdb'; linking object as if no debug info
     1>tinyxml.lib(tinyxml.obj) : warning LNK4099: PDB 'vc120.pdb' was not found with 'tinyxml.lib(tinyxml.obj)' or at 'C:\Users\Billy\Desktop\TwistedRoad\Apps\BugginOut\vc120.pdb'; linking object as if no debug info
     1>tinyxml.lib(tinyxmlerror.obj) : warning LNK4099: PDB 'vc120.pdb' was not found with 'tinyxml.lib(tinyxmlerror.obj)' or at 'C:\Users\Billy\Desktop\TwistedRoad\Apps\BugginOut\vc120.pdb'; linking object as if no debug info
     1>tinyxml.lib(tinyxmlparser.obj) : warning LNK4099: PDB 'vc120.pdb' was not found with 'tinyxml.lib(tinyxmlparser.obj)' or at 'C:\Users\Billy\Desktop\TwistedRoad\Apps\BugginOut\vc120.pdb'; linking object as if no debug info
     1>TMXMapImporter.lib(TMXMapImporter.obj) : warning LNK4099: PDB 'vc120.pdb' was not found with 'TMXMapImporter.lib(TMXMapImporter.obj)' or at 'C:\Users\Billy\Desktop\TwistedRoad\Apps\BugginOut\vc120.pdb'; linking object as if no debug info
     1>XMLFileImporter.lib(XMLFileImporter.obj) : warning LNK4099: PDB 'vc120.pdb' was not found with 'XMLFileImporter.lib(XMLFileImporter.obj)' or at 'C:\Users\Billy\Desktop\TwistedRoad\Apps\BugginOut\vc120.pdb'; linking object as if no debug info
         BugginOut.vcxproj -> C:\Users\Billy\Desktop\TwistedRoad\Apps\BugginOut\BugginOut.exe
     1>Done Building Project "C:\Users\Billy\Desktop\TwistedRoad\BugginOut\BugginOut.vcxproj" (Build target(s)).

Build succeeded.

Time Elapsed 00:00:16.98
