Build started 10/31/2015 11:35:54 PM.
     1>Project "C:\Users\Billy\Desktop\TwistedPath\TwistedRoad\SimpleSideScrollerFramework\SimpleSideScrollerFramework.vcxproj" on node 2 (Build target(s)).
     1>ClCompile:
         C:\Program Files (x86)\Microsoft Visual Studio 12.0\VC\bin\CL.exe /c /I./ /ZI /nologo /W3 /WX- /Od /Oy- /D WIN32 /D _DEBUG /D _LIB /D _UNICODE /D UNICODE /Gm /EHsc /RTC1 /MDd /GS /fp:precise /Zc:wchar_t /Zc:forScope /Fo"C:\Users\Billy\Desktop\TwistedPath\TwistedRoad\Temp\SimpleSideScrollerFramework\Debug\\" /Fd"C:\Users\Billy\Desktop\TwistedPath\TwistedRoad\Temp\SimpleSideScrollerFramework\Debug\vc120.pdb" /Gd /TP /analyze- /errorReport:prompt src\sssf\data_loader\GameDataLoader.cpp src\sssf\game\Game.cpp src\sssf\game\WStringTable.cpp src\sssf\graphics\GameGraphics.cpp src\sssf\graphics\RenderList.cpp src\sssf\graphics\TextureManager.cpp src\sssf\gsm\ai\BotRecycler.cpp src\sssf\gsm\ai\bots\RandomFloatingBot.cpp src\sssf\gsm\ai\bots\RandomJumpingBot.cpp src\sssf\gsm\physics\AABB.cpp src\sssf\gsm\physics\CollidableObject.cpp src\sssf\gsm\physics\Physics.cpp src\sssf\gsm\sprite\AnimatedSprite.cpp src\sssf\gsm\sprite\AnimatedSpriteType.cpp src\sssf\gsm\sprite\SpriteManager.cpp src\sssf\gsm\state\GameStateManager.cpp src\sssf\gsm\world\SparseLayer.cpp src\sssf\gsm\world\TiledLayer.cpp src\sssf\gsm\world\World.cpp src\sssf\gui\Button.cpp src\sssf\gui\Cursor.cpp src\sssf\gui\GameGUI.cpp src\sssf\gui\ScreenGUI.cpp src\sssf\gui\Viewport.cpp src\sssf\input\GameInput.cpp src\sssf\platforms\DirectX\DirectXGraphics.cpp src\sssf\platforms\DirectX\DirectXTextureManager.cpp src\sssf\platforms\Windows\WindowsInput.cpp src\sssf\platforms\Windows\WindowsOS.cpp src\sssf\platforms\Windows\WindowsTimer.cpp src\sssf\text\BufferedTextFileReader.cpp src\sssf\text\GameText.cpp src\sssf\text\TextFileWriter.cpp src\sssf_VS\stdafx.cpp
         stdafx.cpp
         TextFileWriter.cpp
         GameText.cpp
     1>c:\users\billy\desktop\twistedpath\twistedroad\simplesidescrollerframework\src\sssf\gsm\sprite\spritemanager.h(77): warning C4244: '=' : conversion from 'double' to 'int', possible loss of data
         BufferedTextFileReader.cpp
         WindowsTimer.cpp
         WindowsOS.cpp
     1>c:\users\billy\desktop\twistedpath\twistedroad\simplesidescrollerframework\src\sssf\gsm\sprite\spritemanager.h(77): warning C4244: '=' : conversion from 'double' to 'int', possible loss of data
         WindowsInput.cpp
     1>c:\users\billy\desktop\twistedpath\twistedroad\simplesidescrollerframework\src\sssf\gsm\sprite\spritemanager.h(77): warning C4244: '=' : conversion from 'double' to 'int', possible loss of data
         DirectXTextureManager.cpp
     1>c:\users\billy\desktop\twistedpath\twistedroad\simplesidescrollerframework\src\sssf\gsm\sprite\spritemanager.h(77): warning C4244: '=' : conversion from 'double' to 'int', possible loss of data
         DirectXGraphics.cpp
     1>c:\users\billy\desktop\twistedpath\twistedroad\simplesidescrollerframework\src\sssf\gsm\sprite\spritemanager.h(77): warning C4244: '=' : conversion from 'double' to 'int', possible loss of data
     1>c:\users\billy\desktop\twistedpath\twistedroad\simplesidescrollerframework\src\sssf\platforms\directx\directxgraphics.cpp(474): warning C4101: 'translationX' : unreferenced local variable
     1>c:\users\billy\desktop\twistedpath\twistedroad\simplesidescrollerframework\src\sssf\platforms\directx\directxgraphics.cpp(475): warning C4101: 'translationY' : unreferenced local variable
         GameInput.cpp
     1>c:\users\billy\desktop\twistedpath\twistedroad\simplesidescrollerframework\src\sssf\gsm\sprite\spritemanager.h(77): warning C4244: '=' : conversion from 'double' to 'int', possible loss of data
         Viewport.cpp
         ScreenGUI.cpp
     1>c:\users\billy\desktop\twistedpath\twistedroad\simplesidescrollerframework\src\sssf\gsm\sprite\spritemanager.h(77): warning C4244: '=' : conversion from 'double' to 'int', possible loss of data
         GameGUI.cpp
     1>c:\users\billy\desktop\twistedpath\twistedroad\simplesidescrollerframework\src\sssf\gsm\sprite\spritemanager.h(77): warning C4244: '=' : conversion from 'double' to 'int', possible loss of data
         Cursor.cpp
     1>c:\users\billy\desktop\twistedpath\twistedroad\simplesidescrollerframework\src\sssf\gsm\sprite\spritemanager.h(77): warning C4244: '=' : conversion from 'double' to 'int', possible loss of data
         Button.cpp
     1>c:\users\billy\desktop\twistedpath\twistedroad\simplesidescrollerframework\src\sssf\gsm\sprite\spritemanager.h(77): warning C4244: '=' : conversion from 'double' to 'int', possible loss of data
         World.cpp
     1>c:\users\billy\desktop\twistedpath\twistedroad\simplesidescrollerframework\src\sssf\gsm\sprite\spritemanager.h(77): warning C4244: '=' : conversion from 'double' to 'int', possible loss of data
         TiledLayer.cpp
     1>c:\users\billy\desktop\twistedpath\twistedroad\simplesidescrollerframework\src\sssf\gsm\sprite\spritemanager.h(77): warning C4244: '=' : conversion from 'double' to 'int', possible loss of data
         SparseLayer.cpp
         GameStateManager.cpp
     1>c:\users\billy\desktop\twistedpath\twistedroad\simplesidescrollerframework\src\sssf\gsm\sprite\spritemanager.h(77): warning C4244: '=' : conversion from 'double' to 'int', possible loss of data
         SpriteManager.cpp
     1>c:\users\billy\desktop\twistedpath\twistedroad\simplesidescrollerframework\src\sssf\gsm\sprite\spritemanager.h(77): warning C4244: '=' : conversion from 'double' to 'int', possible loss of data
         Generating Code...
         Compiling...
         AnimatedSpriteType.cpp
         AnimatedSprite.cpp
         Physics.cpp
     1>c:\users\billy\desktop\twistedpath\twistedroad\simplesidescrollerframework\src\sssf\gsm\sprite\spritemanager.h(77): warning C4244: '=' : conversion from 'double' to 'int', possible loss of data
         CollidableObject.cpp
         AABB.cpp
         RandomJumpingBot.cpp
     1>c:\users\billy\desktop\twistedpath\twistedroad\simplesidescrollerframework\src\sssf\gsm\sprite\spritemanager.h(77): warning C4244: '=' : conversion from 'double' to 'int', possible loss of data
         RandomFloatingBot.cpp
     1>c:\users\billy\desktop\twistedpath\twistedroad\simplesidescrollerframework\src\sssf\gsm\sprite\spritemanager.h(77): warning C4244: '=' : conversion from 'double' to 'int', possible loss of data
         BotRecycler.cpp
         TextureManager.cpp
         RenderList.cpp
         GameGraphics.cpp
     1>c:\users\billy\desktop\twistedpath\twistedroad\simplesidescrollerframework\src\sssf\gsm\sprite\spritemanager.h(77): warning C4244: '=' : conversion from 'double' to 'int', possible loss of data
         WStringTable.cpp
         Game.cpp
     1>c:\users\billy\desktop\twistedpath\twistedroad\simplesidescrollerframework\src\sssf\gsm\sprite\spritemanager.h(77): warning C4244: '=' : conversion from 'double' to 'int', possible loss of data
         GameDataLoader.cpp
         Generating Code...
     1>c:\users\billy\desktop\twistedpath\twistedroad\simplesidescrollerframework\src\sssf\graphics\renderlist.cpp(104): warning C4715: 'RenderList::next' : not all control paths return a value
       Lib:
         C:\Program Files (x86)\Microsoft Visual Studio 12.0\VC\bin\Lib.exe /OUT:"C:\Users\Billy\Desktop\TwistedPath\TwistedRoad\Common\SimpleSideScrollerFramework.lib" Box2D.lib /LIBPATH:./lib /NOLOGO C:\Users\Billy\Desktop\TwistedPath\TwistedRoad\Temp\SimpleSideScrollerFramework\Debug\GameDataLoader.obj
         C:\Users\Billy\Desktop\TwistedPath\TwistedRoad\Temp\SimpleSideScrollerFramework\Debug\Game.obj
         C:\Users\Billy\Desktop\TwistedPath\TwistedRoad\Temp\SimpleSideScrollerFramework\Debug\WStringTable.obj
         C:\Users\Billy\Desktop\TwistedPath\TwistedRoad\Temp\SimpleSideScrollerFramework\Debug\GameGraphics.obj
         C:\Users\Billy\Desktop\TwistedPath\TwistedRoad\Temp\SimpleSideScrollerFramework\Debug\RenderList.obj
         C:\Users\Billy\Desktop\TwistedPath\TwistedRoad\Temp\SimpleSideScrollerFramework\Debug\TextureManager.obj
         C:\Users\Billy\Desktop\TwistedPath\TwistedRoad\Temp\SimpleSideScrollerFramework\Debug\BotRecycler.obj
         C:\Users\Billy\Desktop\TwistedPath\TwistedRoad\Temp\SimpleSideScrollerFramework\Debug\RandomFloatingBot.obj
         C:\Users\Billy\Desktop\TwistedPath\TwistedRoad\Temp\SimpleSideScrollerFramework\Debug\RandomJumpingBot.obj
         C:\Users\Billy\Desktop\TwistedPath\TwistedRoad\Temp\SimpleSideScrollerFramework\Debug\AABB.obj
         C:\Users\Billy\Desktop\TwistedPath\TwistedRoad\Temp\SimpleSideScrollerFramework\Debug\CollidableObject.obj
         C:\Users\Billy\Desktop\TwistedPath\TwistedRoad\Temp\SimpleSideScrollerFramework\Debug\Physics.obj
         C:\Users\Billy\Desktop\TwistedPath\TwistedRoad\Temp\SimpleSideScrollerFramework\Debug\AnimatedSprite.obj
         C:\Users\Billy\Desktop\TwistedPath\TwistedRoad\Temp\SimpleSideScrollerFramework\Debug\AnimatedSpriteType.obj
         C:\Users\Billy\Desktop\TwistedPath\TwistedRoad\Temp\SimpleSideScrollerFramework\Debug\SpriteManager.obj
         C:\Users\Billy\Desktop\TwistedPath\TwistedRoad\Temp\SimpleSideScrollerFramework\Debug\GameStateManager.obj
         C:\Users\Billy\Desktop\TwistedPath\TwistedRoad\Temp\SimpleSideScrollerFramework\Debug\SparseLayer.obj
         C:\Users\Billy\Desktop\TwistedPath\TwistedRoad\Temp\SimpleSideScrollerFramework\Debug\TiledLayer.obj
         C:\Users\Billy\Desktop\TwistedPath\TwistedRoad\Temp\SimpleSideScrollerFramework\Debug\World.obj
         C:\Users\Billy\Desktop\TwistedPath\TwistedRoad\Temp\SimpleSideScrollerFramework\Debug\Button.obj
         C:\Users\Billy\Desktop\TwistedPath\TwistedRoad\Temp\SimpleSideScrollerFramework\Debug\Cursor.obj
         C:\Users\Billy\Desktop\TwistedPath\TwistedRoad\Temp\SimpleSideScrollerFramework\Debug\GameGUI.obj
         C:\Users\Billy\Desktop\TwistedPath\TwistedRoad\Temp\SimpleSideScrollerFramework\Debug\ScreenGUI.obj
         C:\Users\Billy\Desktop\TwistedPath\TwistedRoad\Temp\SimpleSideScrollerFramework\Debug\Viewport.obj
         C:\Users\Billy\Desktop\TwistedPath\TwistedRoad\Temp\SimpleSideScrollerFramework\Debug\GameInput.obj
         C:\Users\Billy\Desktop\TwistedPath\TwistedRoad\Temp\SimpleSideScrollerFramework\Debug\DirectXGraphics.obj
         C:\Users\Billy\Desktop\TwistedPath\TwistedRoad\Temp\SimpleSideScrollerFramework\Debug\DirectXTextureManager.obj
         C:\Users\Billy\Desktop\TwistedPath\TwistedRoad\Temp\SimpleSideScrollerFramework\Debug\WindowsInput.obj
         C:\Users\Billy\Desktop\TwistedPath\TwistedRoad\Temp\SimpleSideScrollerFramework\Debug\WindowsOS.obj
         C:\Users\Billy\Desktop\TwistedPath\TwistedRoad\Temp\SimpleSideScrollerFramework\Debug\WindowsTimer.obj
         C:\Users\Billy\Desktop\TwistedPath\TwistedRoad\Temp\SimpleSideScrollerFramework\Debug\BufferedTextFileReader.obj
         C:\Users\Billy\Desktop\TwistedPath\TwistedRoad\Temp\SimpleSideScrollerFramework\Debug\GameText.obj
         C:\Users\Billy\Desktop\TwistedPath\TwistedRoad\Temp\SimpleSideScrollerFramework\Debug\TextFileWriter.obj
         C:\Users\Billy\Desktop\TwistedPath\TwistedRoad\Temp\SimpleSideScrollerFramework\Debug\stdafx.obj
         SimpleSideScrollerFramework.vcxproj -> C:\Users\Billy\Desktop\TwistedPath\TwistedRoad\Common\SimpleSideScrollerFramework.lib
     1>Done Building Project "C:\Users\Billy\Desktop\TwistedPath\TwistedRoad\SimpleSideScrollerFramework\SimpleSideScrollerFramework.vcxproj" (Build target(s)).

Build succeeded.

Time Elapsed 00:01:10.55
