Build started 3/30/2015 8:01:19 PM.
     1>Project "C:\Users\Billy\Documents\Projects\TwistedPath\BugginOut\BugginOut.vcxproj" on node 2 (Rebuild target(s)).
     1>ClCompile:
         C:\Program Files (x86)\Microsoft Visual Studio 12.0\VC\bin\CL.exe /c /ZI /nologo /W3 /WX- /sdl /Od /Oy- /D WIN32 /D _DEBUG /D _WINDOWS /D _UNICODE /D UNICODE /Gm /EHsc /RTC1 /MDd /GS /fp:precise /Zc:wchar_t /Zc:forScope /Fo"C:\Users\Billy\Documents\Projects\TwistedPath\Temp\TwistedPath\Debug\\" /Fd"C:\Users\Billy\Documents\Projects\TwistedPath\Temp\TwistedPath\Debug\vc120.pdb" /Gd /TP /analyze- /errorReport:prompt src\buggin_out\TwistedPath.cpp src\buggin_out\TwistedPathButtonEventHandler.cpp src\buggin_out\TwistedPathCollisionListener.cpp src\buggin_out\TwistedPathDataLoader.cpp src\buggin_out\TwistedPathKeyEventHandler.cpp src\buggin_out\TwistedPathTextGenerator.cpp src\buggin_out_VS\stdafx.cpp
         stdafx.cpp
     1>c:\users\billy\documents\projects\twistedpath\bugginout\src\buggin_out_vs\stdafx.cpp(5): fatal error C1083: Cannot open include file: 'twisted_Path_VS\stdafx.h': No such file or directory
         TwistedPathTextGenerator.cpp
     1>c:\users\billy\documents\projects\twistedpath\bugginout\src\buggin_out\twistedpathtextgenerator.cpp(14): fatal error C1083: Cannot open include file: 'twisted_path_VS\stdafx.h': No such file or directory
         TwistedPathKeyEventHandler.cpp
     1>c:\users\billy\documents\projects\twistedpath\bugginout\src\buggin_out\twistedpathkeyeventhandler.cpp(11): fatal error C1083: Cannot open include file: 'twisted_path_VS\stdafx.h': No such file or directory
         TwistedPathDataLoader.cpp
     1>c:\users\billy\documents\projects\twistedpath\bugginout\src\buggin_out\twistedpathdataloader.cpp(1): fatal error C1083: Cannot open include file: 'twisted_path_VS\stdafx.h': No such file or directory
         TwistedPathCollisionListener.cpp
     1>c:\users\billy\documents\projects\twistedpath\simplesidescrollerframework\src\sssf\gsm\sprite\spritemanager.h(61): warning C4244: '=' : conversion from 'double' to 'int', possible loss of data
     1>c:\users\billy\documents\projects\twistedpath\bugginout\src\buggin_out\twistedpathcollisionlistener.cpp(10): fatal error C1083: Cannot open include file: 'twisted_path\TwistedPathCollisionListener.h': No such file or directory
         TwistedPathButtonEventHandler.cpp
     1>c:\users\billy\documents\projects\twistedpath\bugginout\src\buggin_out\twistedpathbuttoneventhandler.cpp(11): fatal error C1083: Cannot open include file: 'twisted_path_VS\stdafx.h': No such file or directory
         TwistedPath.cpp
     1>c:\users\billy\documents\projects\twistedpath\bugginout\src\buggin_out\twistedpathbuttoneventhandler.h(15): fatal error C1083: Cannot open include file: 'twisted_path_VS\stdafx.h': No such file or directory
         Generating Code...
     1>Done Building Project "C:\Users\Billy\Documents\Projects\TwistedPath\BugginOut\BugginOut.vcxproj" (Rebuild target(s)) -- FAILED.

Build FAILED.

Time Elapsed 00:00:07.79
