Build started 10/31/2015 11:35:44 PM.
     1>Project "C:\Users\Billy\Desktop\TwistedPath\TwistedRoad\tinyxml\tinyxml.vcxproj" on node 2 (Build target(s)).
     1>ClCompile:
         C:\Program Files (x86)\Microsoft Visual Studio 12.0\VC\bin\CL.exe /c /ZI /nologo /W3 /WX- /sdl /Od /Oy- /D WIN32 /D _DEBUG /D _LIB /D USE_STANDARD_FILE_FUNCTIONS /D _CRT_SECURE_NO_WARNINGS /D _UNICODE /D UNICODE /Gm /EHsc /RTC1 /MDd /GS /fp:precise /Zc:wchar_t /Zc:forScope /Fo"C:\Users\Billy\Desktop\TwistedPath\TwistedRoad\Temp\tinyxml\Debug\\" /Fd"C:\Users\Billy\Desktop\TwistedPath\TwistedRoad\Temp\tinyxml\Debug\vc120.pdb" /Gd /TP /analyze- /errorReport:prompt src\tinyxml\tinystr.cpp src\tinyxml\tinyxml.cpp src\tinyxml\tinyxmlerror.cpp src\tinyxml\tinyxmlparser.cpp src\tinyxml\xmltest.cpp src\tinyxml_VS\stdafx.cpp
         stdafx.cpp
         xmltest.cpp
         tinyxmlparser.cpp
         tinyxmlerror.cpp
         tinyxml.cpp
         tinystr.cpp
         Generating Code...
       Lib:
         C:\Program Files (x86)\Microsoft Visual Studio 12.0\VC\bin\Lib.exe /OUT:"C:\Users\Billy\Desktop\TwistedPath\TwistedRoad\Common\tinyxml.lib" /NOLOGO C:\Users\Billy\Desktop\TwistedPath\TwistedRoad\Temp\tinyxml\Debug\tinystr.obj
         C:\Users\Billy\Desktop\TwistedPath\TwistedRoad\Temp\tinyxml\Debug\tinyxml.obj
         C:\Users\Billy\Desktop\TwistedPath\TwistedRoad\Temp\tinyxml\Debug\tinyxmlerror.obj
         C:\Users\Billy\Desktop\TwistedPath\TwistedRoad\Temp\tinyxml\Debug\tinyxmlparser.obj
         C:\Users\Billy\Desktop\TwistedPath\TwistedRoad\Temp\tinyxml\Debug\xmltest.obj
         C:\Users\Billy\Desktop\TwistedPath\TwistedRoad\Temp\tinyxml\Debug\stdafx.obj
         tinyxml.vcxproj -> C:\Users\Billy\Desktop\TwistedPath\TwistedRoad\Common\tinyxml.lib
     1>Done Building Project "C:\Users\Billy\Desktop\TwistedPath\TwistedRoad\tinyxml\tinyxml.vcxproj" (Build target(s)).

Build succeeded.

Time Elapsed 00:00:04.87
