c:\users\billy\documents\projects\twistedpath\temp\tinyxml\debug\vc120.pdb
c:\users\billy\documents\projects\twistedpath\temp\tinyxml\debug\vc120.idb
c:\users\billy\documents\projects\twistedpath\temp\tinyxml\debug\tinystr.obj
c:\users\billy\documents\projects\twistedpath\temp\tinyxml\debug\tinyxml.obj
c:\users\billy\documents\projects\twistedpath\temp\tinyxml\debug\tinyxmlerror.obj
c:\users\billy\documents\projects\twistedpath\temp\tinyxml\debug\tinyxmlparser.obj
c:\users\billy\documents\projects\twistedpath\temp\tinyxml\debug\xmltest.obj
c:\users\billy\documents\projects\twistedpath\temp\tinyxml\debug\stdafx.obj
c:\users\billy\desktop\twistedpath\temp\tinyxml\debug\vc120.pdb
c:\users\billy\desktop\twistedpath\temp\tinyxml\debug\vc120.idb
c:\users\billy\desktop\twistedpath\temp\tinyxml\debug\tinystr.obj
c:\users\billy\desktop\twistedpath\temp\tinyxml\debug\tinyxml.obj
c:\users\billy\desktop\twistedpath\temp\tinyxml\debug\tinyxmlerror.obj
c:\users\billy\desktop\twistedpath\temp\tinyxml\debug\tinyxmlparser.obj
c:\users\billy\desktop\twistedpath\temp\tinyxml\debug\xmltest.obj
c:\users\billy\desktop\twistedpath\temp\tinyxml\debug\stdafx.obj
c:\users\billy\documents\projects\twistedpath\common\tinyxml.lib
c:\users\billy\desktop\twistedpath\common\tinyxml.lib
c:\users\billy\desktop\twistedpath\temp\tinyxml\debug\tinyxml.tlog\cl.command.1.tlog
c:\users\billy\desktop\twistedpath\temp\tinyxml\debug\tinyxml.tlog\cl.read.1.tlog
c:\users\billy\desktop\twistedpath\temp\tinyxml\debug\tinyxml.tlog\cl.write.1.tlog
c:\users\billy\desktop\twistedpath\temp\tinyxml\debug\tinyxml.tlog\lib-link.read.1.tlog
c:\users\billy\desktop\twistedpath\temp\tinyxml\debug\tinyxml.tlog\lib-link.write.1.tlog
c:\users\billy\desktop\twistedpath\temp\tinyxml\debug\tinyxml.tlog\lib.command.1.tlog
